============================= test session starts ==============================
platform linux -- Python 3.12.3, pytest-9.1.1, pluggy-1.6.0 -- /home/mirko/work/DrHiro/.venv/bin/python
cachedir: .pytest_cache
rootdir: /home/mirko/work/DrHiro
plugins: asyncio-1.4.0, anyio-4.15.1
asyncio: mode=Mode.STRICT, debug=False, asyncio_default_fixture_loop_scope=None, asyncio_default_test_loop_scope=function
collecting ... collected 120 items

tests/test_allowed_save.py::test_allowed_save_after_confirmation PASSED  [  0%]
tests/test_allowed_save.py::test_allowed_save_via_deny_does_not_approve PASSED [  1%]
tests/test_allowed_save.py::test_unauthorized_user_cannot_trigger_save PASSED [  2%]
tests/test_allowed_save.py::test_unauthorized_callback_sender_is_denied PASSED [  3%]
tests/test_allowed_save.py::test_authorized_callback_sender_can_approve PASSED [  4%]
tests/test_allowed_user.py::test_only_configured_username_is_authorized PASSED [  5%]
tests/test_allowed_user.py::test_unauthorized_sender_gets_denied_via_bridge PASSED [  5%]
tests/test_allowed_user.py::test_message_text_extraction PASSED          [  6%]
tests/test_apk_distribution.py::test_authorized_apk_sends_expected_file_id PASSED [  7%]
tests/test_apk_distribution.py::test_unauthorized_apk_is_denied PASSED   [  8%]
tests/test_apk_distribution.py::test_missing_apk_fails_safely PASSED     [  9%]
tests/test_apk_distribution.py::test_missing_apk_apkinfo_fails_safely PASSED [ 10%]
tests/test_apk_distribution.py::test_checksum_mismatch_blocks_upload PASSED [ 10%]
tests/test_apk_distribution.py::test_apk_over_size_limit_blocks_upload PASSED [ 11%]
tests/test_apk_distribution.py::test_apk_over_telegram_hard_limit_blocks_upload PASSED [ 12%]
tests/test_apk_distribution.py::test_failed_first_upload_does_not_save_false_file_id PASSED [ 13%]
tests/test_apk_distribution.py::test_later_apk_reuses_stored_file_id PASSED [ 14%]
tests/test_apk_distribution.py::test_start_and_help_commands PASSED      [ 15%]
tests/test_apk_distribution.py::test_resolved_user_id_authorizes_apk PASSED [ 15%]
tests/test_apk_distribution.py::test_missing_checksum_is_refused PASSED  [ 16%]
tests/test_apk_distribution.py::test_malformed_checksum_is_refused PASSED [ 17%]
tests/test_apk_distribution.py::test_missing_checksum_blocks_upload PASSED [ 18%]
tests/test_apk_distribution.py::test_upgrade_reuploads_instead_of_stale_file_id PASSED [ 19%]
tests/test_apk_distribution.py::test_signer_cert_mismatch_is_refused PASSED [ 20%]
tests/test_apk_distribution.py::test_signer_cert_match_passes PASSED     [ 20%]
tests/test_blocked_save.py::test_gated_tool_pauses_without_confirmation PASSED [ 21%]
tests/test_blocked_save.py::test_bridge_surfaces_approval_prompt PASSED  [ 22%]
tests/test_blocked_save.py::test_deny_does_not_persist PASSED            [ 23%]
tests/test_consumption_confirm_integration.py::TestConfirmDurableReplay::test_confirm_writes_meal_and_beverage_atomically PASSED [ 24%]
tests/test_consumption_confirm_integration.py::TestConfirmDurableReplay::test_replay_after_draft_deletion_returns_saved_result PASSED [ 25%]
tests/test_consumption_confirm_integration.py::TestConfirmDurableReplay::test_two_separate_identical_drinks_both_count PASSED [ 25%]
tests/test_consumption_confirm_integration.py::TestConfirmDurableReplay::test_meal_then_liquid_tool_same_item_identity PASSED [ 26%]
tests/test_consumption_confirm_integration.py::TestConfirmIntegrationEdge::test_parser_called_once_items_deterministic PASSED [ 27%]
tests/test_consumption_confirm_integration.py::TestConfirmIntegrationEdge::test_caller_idempotency_key_non_telegram PASSED [ 28%]
tests/test_consumption_confirm_integration.py::TestConfirmIntegrationEdge::test_totals_include_all_6_nutrients_on_confirm PASSED [ 29%]
tests/test_consumption_idempotency.py::TestParser::test_250ml_milk_single_item PASSED [ 30%]
tests/test_consumption_idempotency.py::TestParser::test_1cup_coffee PASSED [ 30%]
tests/test_consumption_idempotency.py::TestParser::test_a_cup_of_coffee_consistent PASSED [ 31%]
tests/test_consumption_idempotency.py::TestParser::test_decimal_comma_beer_single_item PASSED [ 32%]
tests/test_consumption_idempotency.py::TestParser::test_milk_and_beer_two_items PASSED [ 33%]
tests/test_consumption_idempotency.py::TestParser::test_steak_and_water_steak_not_tea PASSED [ 34%]
tests/test_consumption_idempotency.py::TestParser::test_tea_word_boundary PASSED [ 35%]
tests/test_consumption_idempotency.py::TestParser::test_beverage_categories PASSED [ 35%]
tests/test_consumption_idempotency.py::TestParser::test_no_meal_group_default_snack PASSED [ 36%]
tests/test_consumption_idempotency.py::TestParser::test_explicit_breakfast_stays PASSED [ 37%]
tests/test_consumption_idempotency.py::TestParser::test_unsupported_group_normalized_to_snack PASSED [ 38%]
tests/test_consumption_idempotency.py::TestIdempotency::test_replay_returns_original_ids PASSED [ 39%]
tests/test_consumption_idempotency.py::TestIdempotency::test_concurrent_submit_one_set PASSED [ 40%]
tests/test_consumption_idempotency.py::TestIdempotency::test_response_lost_retry_returns_saved PASSED [ 40%]
tests/test_consumption_idempotency.py::TestIdempotency::test_two_identical_drinks_separate_msgs_both_count PASSED [ 41%]
tests/test_consumption_idempotency.py::TestAtomicWrite::test_meal_and_liquid_written_atomically PASSED [ 42%]
tests/test_consumption_idempotency.py::TestAtomicWrite::test_totals_include_all_6_nutrients PASSED [ 43%]
tests/test_consumption_idempotency.py::TestAtomicWrite::test_atomic_rollback_on_error PASSED [ 44%]
tests/test_consumption_idempotency.py::TestMutations::test_drink_volume_corrected_once_each PASSED [ 45%]
tests/test_consumption_idempotency.py::TestMutations::test_drink_deleted_removes_both PASSED [ 45%]
tests/test_consumption_idempotency.py::TestMutations::test_beverage_to_solid_removes_liquid PASSED [ 46%]
tests/test_consumption_idempotency.py::TestMutations::test_delete_meal_cascades_to_beverage_measurements PASSED [ 47%]
tests/test_consumption_idempotency.py::TestMutations::test_cross_user_no_unauthorized_access PASSED [ 48%]
tests/test_consumption_idempotency.py::TestAggregation::test_aggregation_no_fan_out PASSED [ 49%]
tests/test_consumption_idempotency.py::TestAggregation::test_yesterday_near_midnight_uses_local_date PASSED [ 50%]
tests/test_consumption_idempotency.py::TestNutrientHelpers::test_scale_nutrients PASSED [ 50%]
tests/test_consumption_idempotency.py::TestNutrientHelpers::test_sum_nutrients PASSED [ 51%]
tests/test_legacy_new_water_coexistence.py::TestLegacyNewWaterCoexistence::test_legacy_and_new_different_drinks_both_appear PASSED [ 52%]
tests/test_legacy_new_water_coexistence.py::TestLegacyNewWaterCoexistence::test_same_drink_manual_plus_meal_counts_twice PASSED [ 53%]
tests/test_legacy_new_water_coexistence.py::TestLegacyNewWaterCoexistence::test_aggregation_no_omission_with_mixed_sources PASSED [ 54%]
tests/test_legacy_new_water_coexistence.py::TestLegacyNewWaterCoexistence::test_legacy_only_still_works PASSED [ 55%]
tests/test_pairing.py::test_successful_device_link PASSED                [ 55%]
tests/test_pairing.py::test_expired_token PASSED                         [ 56%]
tests/test_pairing.py::test_reused_token PASSED                          [ 57%]
tests/test_pairing.py::test_wrong_telegram_user PASSED                   [ 58%]
tests/test_pairing.py::test_wrong_server PASSED                          [ 59%]
tests/test_pairing.py::test_unauthorized_user_via_bridge PASSED          [ 60%]
tests/test_pairing.py::test_malformed_deep_link PASSED                   [ 60%]
tests/test_pairing.py::test_rejected_non_https_remote_endpoint PASSED    [ 61%]
tests/test_pairing.py::test_revoked_device_access PASSED                 [ 62%]
tests/test_pairing.py::test_rate_limit_token_creation PASSED             [ 63%]
tests/test_pairing.py::test_server_url_canonicalized_not_blindly_trusted PASSED [ 64%]
tests/test_pairing.py::test_exchange_rejects_server_not_matching_token_bound PASSED [ 65%]
tests/test_pairing.py::test_management_endpoints_require_service_token PASSED [ 65%]
tests/test_pairing.py::test_http_token_only_exchange_succeeds PASSED     [ 66%]
tests/test_pairing.py::test_pairing_refuses_when_public_url_unset PASSED [ 67%]
tests/test_scripts_backup.py::test_backup_fails_and_writes_no_archive_on_dump_failure PASSED [ 68%]
tests/test_scripts_backup.py::test_backup_includes_exports_volume PASSED [ 69%]
tests/test_scripts_healthcheck.py::test_health_check_fails_when_container_down PASSED [ 70%]
tests/test_scripts_healthcheck.py::test_health_check_fails_when_sse_probe_fails PASSED [ 70%]
tests/test_scripts_healthcheck.py::test_health_check_passes_when_all_ok PASSED [ 71%]
tests/test_scripts_healthcheck.py::test_model_validation_matches_when_present PASSED [ 72%]
tests/test_scripts_healthcheck.py::test_model_validation_rejects_missing_model PASSED [ 73%]
tests/test_scripts_healthcheck.py::test_configure_sh_defines_warn PASSED [ 74%]
tests/test_scripts_healthcheck.py::test_configure_sh_syntax PASSED       [ 75%]
tests/test_scripts_healthcheck.py::test_installer_has_no_unpinned_trueforge_fallback PASSED [ 75%]
tests/test_scripts_healthcheck.py::test_installer_syntax PASSED          [ 76%]
tests/test_secret_safe_logs.py::test_config_validate_reports_missing_without_values PASSED [ 77%]
tests/test_secret_safe_logs.py::test_error_messages_never_echo_token PASSED [ 78%]
tests/test_secret_safe_logs.py::test_bridge_logs_do_not_contain_secret PASSED [ 79%]
tests/test_secret_safe_logs.py::test_tools_redact_credentials PASSED     [ 80%]
tests/test_secret_safe_logs.py::test_authorized_and_text_helpers PASSED  [ 80%]
tests/test_tool_invocation.py::test_get_demo_case_lists_synthetic_cases PASSED [ 81%]
tests/test_tool_invocation.py::test_get_demo_case_by_id PASSED           [ 82%]
tests/test_tool_invocation.py::test_get_demo_case_unknown_id PASSED      [ 83%]
tests/test_tool_invocation.py::test_create_visit_brief_structured_and_non_diagnostic PASSED [ 84%]
tests/test_tool_invocation.py::test_create_visit_brief_rejects_unknown_case PASSED [ 85%]
tests/test_tool_invocation.py::test_save_visit_brief_requires_synthetic_flag PASSED [ 85%]
tests/test_tool_invocation.py::test_save_visit_brief_writes_and_returns_path PASSED [ 86%]
tests/test_tool_invocation.py::test_get_service_status_non_sensitive PASSED [ 87%]
tests/test_trueforge_contract.py::test_contract_endpoint[GET-/healthz-expected0] PASSED [ 88%]
tests/test_trueforge_contract.py::test_contract_endpoint[GET-/api/v1/agents-expected1] PASSED [ 89%]
tests/test_trueforge_contract.py::test_contract_endpoint[POST-/api/v1/sessions-expected2] PASSED [ 90%]
tests/test_trueforge_contract.py::test_contract_endpoint[POST-/api/v1/settings/model-providers-expected3] PASSED [ 90%]
tests/test_trueforge_contract.py::test_contract_endpoint[POST-/api/v1/settings/mcp-servers-expected4] PASSED [ 91%]
tests/test_trueforge_contract.py::test_bridge_session_turn_flow PASSED   [ 92%]
tests/test_unavailable_model.py::test_model_unavailable_turn_returns_failed_state PASSED [ 93%]
tests/test_unavailable_model.py::test_model_unavailable_does_not_hang PASSED [ 94%]
tests/test_unavailable_model.py::test_unreachable_model_endpoint_surfaces_error PASSED [ 95%]
tests/test_unreachable_backend.py::test_health_reports_unreachable PASSED [ 95%]
tests/test_unreachable_backend.py::test_turn_against_unreachable_backend_raises_clean_error PASSED [ 96%]
tests/test_unreachable_backend.py::test_run_turn_unreachable PASSED      [ 97%]
tests/test_webhook_conflict.py::test_no_webhook_allows_polling PASSED    [ 98%]
tests/test_webhook_conflict.py::test_webhook_set_blocks_polling PASSED   [ 99%]
tests/test_webhook_conflict.py::test_delete_webhook_clears_and_allows_polling PASSED [100%]

============================= 120 passed in 22.99s =============================
